0 info it worked if it ends with ok
1 verbose cli [ 'C:\\Program Files (x86)\\nodejs\\\\node.exe',
1 verbose cli   'C:\\Program Files (x86)\\nodejs\\node_modules\\npm\\bin\\npm-cli.js',
1 verbose cli   'version',
1 verbose cli   'major' ]
2 info using npm@2.7.4
3 info using node@v0.12.2
4 verbose node symlink C:\Program Files (x86)\nodejs\\node.exe
5 info git [ 'status', '--porcelain' ]
6 verbose stack Error: Git working directory not clean.
6 verbose stack D app.html
6 verbose stack D apps-add.html
6 verbose stack D apps-sideload.html
6 verbose stack D apps.html
6 verbose stack D bolt_server.js
6 verbose stack D index.html
6 verbose stack M package.json
6 verbose stack D public/css/styles.css
6 verbose stack D roles-add.html
6 verbose stack D roles.html
6 verbose stack M server.js
6 verbose stack D user.html
6 verbose stack D users-add.html
6 verbose stack D users-roles.html
6 verbose stack D users.html
6 verbose stack     at C:\Program Files (x86)\nodejs\node_modules\npm\lib\version.js:138:37
6 verbose stack     at C:\Program Files (x86)\nodejs\node_modules\npm\lib\utils\git.js:26:8
6 verbose stack     at ChildProcess.exithandler (child_process.js:742:7)
6 verbose stack     at ChildProcess.emit (events.js:110:17)
6 verbose stack     at maybeClose (child_process.js:1015:16)
6 verbose stack     at Socket.<anonymous> (child_process.js:1183:11)
6 verbose stack     at Socket.emit (events.js:107:17)
6 verbose stack     at Pipe.close (net.js:485:12)
7 verbose cwd C:\Users\frank\Documents\Node.js\bolt\node_modules\bolt-settings
8 error Windows_NT 6.3.9600
9 error argv "C:\\Program Files (x86)\\nodejs\\\\node.exe" "C:\\Program Files (x86)\\nodejs\\node_modules\\npm\\bin\\npm-cli.js" "version" "major"
10 error node v0.12.2
11 error npm  v2.7.4
12 error Git working directory not clean.
12 error D app.html
12 error D apps-add.html
12 error D apps-sideload.html
12 error D apps.html
12 error D bolt_server.js
12 error D index.html
12 error M package.json
12 error D public/css/styles.css
12 error D roles-add.html
12 error D roles.html
12 error M server.js
12 error D user.html
12 error D users-add.html
12 error D users-roles.html
12 error D users.html
13 error If you need help, you may report this error at:
13 error     <https://github.com/npm/npm/issues>
14 verbose exit [ 1, true ]
